<?xml version="1.0" encoding="UTF-8"?>
<!-- Generated by org.testng.reporters.JUnitXMLReporter -->
<testsuite ignored="0" hostname="DESKTOP-HE77EJK" failures="1" tests="3" name="Error Validations Test" time="22.675" errors="0" timestamp="2024-05-10T20:39:21 PDT">
  <testcase classname="esaucompany.tests.ErrorValidationsTest" name="loginErrorValidation" time="0.745">
    <skipped/>
  </testcase> <!-- loginErrorValidation -->
  <testcase classname="esaucompany.tests.ErrorValidationsTest" name="loginErrorValidation" time="1.121">
    <failure type="java.lang.AssertionError" message="expected [Incorrect email or password.] but found [Incorrect email password.]">
      <![CDATA[java.lang.AssertionError: expected [Incorrect email or password.] but found [Incorrect email password.]
at esaucompany.tests.ErrorValidationsTest.loginErrorValidation(ErrorValidationsTest.java:29)
at java.base/java.util.ArrayList.forEach(ArrayList.java:1511)
at java.base/java.util.concurrent.FutureTask.run(FutureTask.java:264)
at java.base/java.util.concurrent.ThreadPoolExecutor.runWorker(ThreadPoolExecutor.java:1136)
at java.base/java.util.concurrent.ThreadPoolExecutor$Worker.run(ThreadPoolExecutor.java:635)
at java.base/java.lang.Thread.run(Thread.java:833)
... Removed 23 stack frames]]>
    </failure>
  </testcase> <!-- loginErrorValidation -->
  <testcase classname="esaucompany.tests.ErrorValidationsTest" name="productErrorValidation" time="3.033"/>
</testsuite> <!-- Error Validations Test -->
